<?xml version="1.0" encoding="UTF-8"?>
<testsuite name="test_register_project_tests.MyTestCase-20260304164304" tests="1" file="test_register_project_tests.py" time="0.007" timestamp="2026-03-04T16:43:04" failures="1" errors="0" skipped="0">
	<testcase classname="test_register_project_tests.MyTestCase" name="test_something" time="0.007" timestamp="2026-03-04T16:43:04">
		<failure type="AssertionError" message="True != False"><![CDATA[Traceback (most recent call last):
  File "/Library/Frameworks/Python.framework/Versions/3.13/lib/python3.13/unittest/case.py", line 58, in testPartExecutor
    yield
  File "/Library/Frameworks/Python.framework/Versions/3.13/lib/python3.13/unittest/case.py", line 651, in run
    self._callTestMethod(testMethod)
    
  File "/Library/Frameworks/Python.framework/Versions/3.13/lib/python3.13/unittest/case.py", line 606, in _callTestMethod
    if method() is not None:
    ^^^^^^^^^^^^^^^
  File "/Users/yehan/Documents/PSWE/G87.2026.T10.GE2/src/unittest/python/test_register_project_tests.py", line 9, in test_something
    self.assertEqual(True, False)
    ^^^^^^^^^^^^^^^
  File "/Library/Frameworks/Python.framework/Versions/3.13/lib/python3.13/unittest/case.py", line 907, in assertEqual
    assertion_func(first, second, msg=msg)
    ^^^^^^^^^^^^^^^
  File "/Library/Frameworks/Python.framework/Versions/3.13/lib/python3.13/unittest/case.py", line 900, in _baseAssertEqual
    raise self.failureException(msg)
    ^^^^^^^^^^^
AssertionError: True != False
]]></failure>
	</testcase>
</testsuite>
