<?xml version="1.0" encoding="UTF-8"?>
<testsuite name="test_register_document_tests.TestRegisterDocument-20260324154143" tests="27" file="test_register_document_tests.py" time="0.058" timestamp="2026-03-24T15:41:44" failures="11" errors="0" skipped="0">
	<testcase classname="test_register_document_tests.TestRegisterDocument" name="test_tc_m2_04_file_not_found" time="0.000" timestamp="2026-03-24T15:41:43"/>
	<testcase classname="test_register_document_tests.TestRegisterDocument" name="test_tc_m2_05_file_not_json" time="0.002" timestamp="2026-03-24T15:41:43"/>
	<testcase classname="test_register_document_tests.TestRegisterDocument" name="test_tc_m2_06_empty_object" time="0.001" timestamp="2026-03-24T15:41:43"/>
	<testcase classname="test_register_document_tests.TestRegisterDocument" name="test_tc_m2_07_missing_project_id_pair" time="0.002" timestamp="2026-03-24T15:41:43"/>
	<testcase classname="test_register_document_tests.TestRegisterDocument" name="test_tc_m2_08_missing_filename_pair" time="0.001" timestamp="2026-03-24T15:41:43"/>
	<testcase classname="test_register_document_tests.TestRegisterDocument" name="test_tc_m2_09_empty_pid_value" time="0.001" timestamp="2026-03-24T15:41:43"/>
	<testcase classname="test_register_document_tests.TestRegisterDocument" name="test_tc_m2_10_empty_filename_value" time="0.002" timestamp="2026-03-24T15:41:43"/>
	<testcase classname="test_register_document_tests.TestRegisterDocument" name="test_tc_m2_11_missing_opening_brace" time="0.001" timestamp="2026-03-24T15:41:43"/>
	<testcase classname="test_register_document_tests.TestRegisterDocument" name="test_tc_m2_12_missing_closing_brace" time="0.004" timestamp="2026-03-24T15:41:44"/>
	<testcase classname="test_register_document_tests.TestRegisterDocument" name="test_tc_m2_13_missing_comma" time="0.003" timestamp="2026-03-24T15:41:44"/>
	<testcase classname="test_register_document_tests.TestRegisterDocument" name="test_tc_m2_14_missing_colon_pid" time="0.003" timestamp="2026-03-24T15:41:44"/>
	<testcase classname="test_register_document_tests.TestRegisterDocument" name="test_tc_m2_15_missing_colon_filename" time="0.001" timestamp="2026-03-24T15:41:44"/>
	<testcase classname="test_register_document_tests.TestRegisterDocument" name="test_tc_m2_16_duplicate_opening_brace" time="0.001" timestamp="2026-03-24T15:41:44"/>
	<testcase classname="test_register_document_tests.TestRegisterDocument" name="test_tc_m2_17_duplicate_comma" time="0.001" timestamp="2026-03-24T15:41:44"/>
	<testcase classname="test_register_document_tests.TestRegisterDocument" name="test_tc_m2_18_wrong_key_project_id" time="0.002" timestamp="2026-03-24T15:41:44"/>
	<testcase classname="test_register_document_tests.TestRegisterDocument" name="test_tc_m2_19_wrong_key_filename" time="0.002" timestamp="2026-03-24T15:41:44"/>
	<testcase classname="test_register_document_tests.TestRegisterDocument" name="test_tc_m2_01_valid_pdf" time="0.005" timestamp="2026-03-24T15:41:43">
		<failure type="AssertionError" message="None is not an instance of &lt;class 'str'&gt;"><![CDATA[Traceback (most recent call last):
  File "/Library/Frameworks/Python.framework/Versions/3.13/lib/python3.13/unittest/case.py", line 58, in testPartExecutor
    yield
  File "/Library/Frameworks/Python.framework/Versions/3.13/lib/python3.13/unittest/case.py", line 651, in run
    self._callTestMethod(testMethod)
    
  File "/Library/Frameworks/Python.framework/Versions/3.13/lib/python3.13/unittest/case.py", line 606, in _callTestMethod
    if method() is not None:
    ^^^^^^^^^^^^^^^
  File "/Users/yehan/Documents/PSWE/G87.2026.T10.GE2/src/unittest/python/test_register_document_tests.py", line 40, in test_tc_m2_01_valid_pdf
    self.assertIsInstance(result, str)
    ^^^^^^^^^^^^^^^
  File "/Library/Frameworks/Python.framework/Versions/3.13/lib/python3.13/unittest/case.py", line 1316, in assertIsInstance
    self.fail(self._formatMessage(msg, standardMsg))
    ^^^^^^^^^^^
  File "/Library/Frameworks/Python.framework/Versions/3.13/lib/python3.13/unittest/case.py", line 732, in fail
    raise self.failureException(msg)
    ^^^^^^^^^^^^^^^
AssertionError: None is not an instance of <class 'str'>
]]></failure>
	</testcase>
	<testcase classname="test_register_document_tests.TestRegisterDocument" name="test_tc_m2_02_valid_docx" time="0.002" timestamp="2026-03-24T15:41:43">
		<failure type="AssertionError" message="None is not an instance of &lt;class 'str'&gt;"><![CDATA[Traceback (most recent call last):
  File "/Library/Frameworks/Python.framework/Versions/3.13/lib/python3.13/unittest/case.py", line 58, in testPartExecutor
    yield
  File "/Library/Frameworks/Python.framework/Versions/3.13/lib/python3.13/unittest/case.py", line 651, in run
    self._callTestMethod(testMethod)
    
  File "/Library/Frameworks/Python.framework/Versions/3.13/lib/python3.13/unittest/case.py", line 606, in _callTestMethod
    if method() is not None:
    ^^^^^^^^^^^^^^^
  File "/Users/yehan/Documents/PSWE/G87.2026.T10.GE2/src/unittest/python/test_register_document_tests.py", line 50, in test_tc_m2_02_valid_docx
    self.assertIsInstance(result, str)
    ^^^^^^^^^^^^^^^
  File "/Library/Frameworks/Python.framework/Versions/3.13/lib/python3.13/unittest/case.py", line 1316, in assertIsInstance
    self.fail(self._formatMessage(msg, standardMsg))
    ^^^^^^^^^^^
  File "/Library/Frameworks/Python.framework/Versions/3.13/lib/python3.13/unittest/case.py", line 732, in fail
    raise self.failureException(msg)
    ^^^^^^^^^^^^^^^
AssertionError: None is not an instance of <class 'str'>
]]></failure>
	</testcase>
	<testcase classname="test_register_document_tests.TestRegisterDocument" name="test_tc_m2_03_valid_xlsx" time="0.002" timestamp="2026-03-24T15:41:43">
		<failure type="AssertionError" message="None is not an instance of &lt;class 'str'&gt;"><![CDATA[Traceback (most recent call last):
  File "/Library/Frameworks/Python.framework/Versions/3.13/lib/python3.13/unittest/case.py", line 58, in testPartExecutor
    yield
  File "/Library/Frameworks/Python.framework/Versions/3.13/lib/python3.13/unittest/case.py", line 651, in run
    self._callTestMethod(testMethod)
    
  File "/Library/Frameworks/Python.framework/Versions/3.13/lib/python3.13/unittest/case.py", line 606, in _callTestMethod
    if method() is not None:
    ^^^^^^^^^^^^^^^
  File "/Users/yehan/Documents/PSWE/G87.2026.T10.GE2/src/unittest/python/test_register_document_tests.py", line 59, in test_tc_m2_03_valid_xlsx
    self.assertIsInstance(result, str)
    ^^^^^^^^^^^^^^^
  File "/Library/Frameworks/Python.framework/Versions/3.13/lib/python3.13/unittest/case.py", line 1316, in assertIsInstance
    self.fail(self._formatMessage(msg, standardMsg))
    ^^^^^^^^^^^
  File "/Library/Frameworks/Python.framework/Versions/3.13/lib/python3.13/unittest/case.py", line 732, in fail
    raise self.failureException(msg)
    ^^^^^^^^^^^^^^^
AssertionError: None is not an instance of <class 'str'>
]]></failure>
	</testcase>
	<testcase classname="test_register_document_tests.TestRegisterDocument" name="test_tc_m2_20_pid_too_short" time="0.002" timestamp="2026-03-24T15:41:44">
		<failure type="AssertionError" message="EnterpriseManagementException not raised"><![CDATA[Traceback (most recent call last):
  File "/Library/Frameworks/Python.framework/Versions/3.13/lib/python3.13/unittest/case.py", line 58, in testPartExecutor
    yield
  File "/Library/Frameworks/Python.framework/Versions/3.13/lib/python3.13/unittest/case.py", line 651, in run
    self._callTestMethod(testMethod)
    
  File "/Library/Frameworks/Python.framework/Versions/3.13/lib/python3.13/unittest/case.py", line 606, in _callTestMethod
    if method() is not None:
    ^^^^^^^^^^^^^^^
  File "/Users/yehan/Documents/PSWE/G87.2026.T10.GE2/src/unittest/python/test_register_document_tests.py", line 180, in test_tc_m2_20_pid_too_short
    with self.assertRaises(EnterpriseManagementException):
    ^^^^^^^^^^^^^^^
  File "/Library/Frameworks/Python.framework/Versions/3.13/lib/python3.13/unittest/case.py", line 263, in __exit__
    self._raiseFailure("{} not raised".format(exc_name))
    ^^^^^^^
  File "/Library/Frameworks/Python.framework/Versions/3.13/lib/python3.13/unittest/case.py", line 200, in _raiseFailure
    raise self.test_case.failureException(msg)
    ^^^^^^^^^^^^^^^
AssertionError: EnterpriseManagementException not raised
]]></failure>
	</testcase>
	<testcase classname="test_register_document_tests.TestRegisterDocument" name="test_tc_m2_21_pid_too_long" time="0.002" timestamp="2026-03-24T15:41:44">
		<failure type="AssertionError" message="EnterpriseManagementException not raised"><![CDATA[Traceback (most recent call last):
  File "/Library/Frameworks/Python.framework/Versions/3.13/lib/python3.13/unittest/case.py", line 58, in testPartExecutor
    yield
  File "/Library/Frameworks/Python.framework/Versions/3.13/lib/python3.13/unittest/case.py", line 651, in run
    self._callTestMethod(testMethod)
    
  File "/Library/Frameworks/Python.framework/Versions/3.13/lib/python3.13/unittest/case.py", line 606, in _callTestMethod
    if method() is not None:
    ^^^^^^^^^^^^^^^
  File "/Users/yehan/Documents/PSWE/G87.2026.T10.GE2/src/unittest/python/test_register_document_tests.py", line 188, in test_tc_m2_21_pid_too_long
    with self.assertRaises(EnterpriseManagementException):
    ^^^^^^^^^^^^^^^
  File "/Library/Frameworks/Python.framework/Versions/3.13/lib/python3.13/unittest/case.py", line 263, in __exit__
    self._raiseFailure("{} not raised".format(exc_name))
    ^^^^^^^
  File "/Library/Frameworks/Python.framework/Versions/3.13/lib/python3.13/unittest/case.py", line 200, in _raiseFailure
    raise self.test_case.failureException(msg)
    ^^^^^^^^^^^^^^^
AssertionError: EnterpriseManagementException not raised
]]></failure>
	</testcase>
	<testcase classname="test_register_document_tests.TestRegisterDocument" name="test_tc_m2_22_pid_non_hex" time="0.002" timestamp="2026-03-24T15:41:44">
		<failure type="AssertionError" message="EnterpriseManagementException not raised"><![CDATA[Traceback (most recent call last):
  File "/Library/Frameworks/Python.framework/Versions/3.13/lib/python3.13/unittest/case.py", line 58, in testPartExecutor
    yield
  File "/Library/Frameworks/Python.framework/Versions/3.13/lib/python3.13/unittest/case.py", line 651, in run
    self._callTestMethod(testMethod)
    
  File "/Library/Frameworks/Python.framework/Versions/3.13/lib/python3.13/unittest/case.py", line 606, in _callTestMethod
    if method() is not None:
    ^^^^^^^^^^^^^^^
  File "/Users/yehan/Documents/PSWE/G87.2026.T10.GE2/src/unittest/python/test_register_document_tests.py", line 196, in test_tc_m2_22_pid_non_hex
    with self.assertRaises(EnterpriseManagementException):
    ^^^^^^^^^^^^^^^
  File "/Library/Frameworks/Python.framework/Versions/3.13/lib/python3.13/unittest/case.py", line 263, in __exit__
    self._raiseFailure("{} not raised".format(exc_name))
    ^^^^^^^
  File "/Library/Frameworks/Python.framework/Versions/3.13/lib/python3.13/unittest/case.py", line 200, in _raiseFailure
    raise self.test_case.failureException(msg)
    ^^^^^^^^^^^^^^^
AssertionError: EnterpriseManagementException not raised
]]></failure>
	</testcase>
	<testcase classname="test_register_document_tests.TestRegisterDocument" name="test_tc_m2_23_name_too_short" time="0.007" timestamp="2026-03-24T15:41:44">
		<failure type="AssertionError" message="EnterpriseManagementException not raised"><![CDATA[Traceback (most recent call last):
  File "/Library/Frameworks/Python.framework/Versions/3.13/lib/python3.13/unittest/case.py", line 58, in testPartExecutor
    yield
  File "/Library/Frameworks/Python.framework/Versions/3.13/lib/python3.13/unittest/case.py", line 651, in run
    self._callTestMethod(testMethod)
    
  File "/Library/Frameworks/Python.framework/Versions/3.13/lib/python3.13/unittest/case.py", line 606, in _callTestMethod
    if method() is not None:
    ^^^^^^^^^^^^^^^
  File "/Users/yehan/Documents/PSWE/G87.2026.T10.GE2/src/unittest/python/test_register_document_tests.py", line 203, in test_tc_m2_23_name_too_short
    with self.assertRaises(EnterpriseManagementException):
    ^^^^^^^^^^^^^^^
  File "/Library/Frameworks/Python.framework/Versions/3.13/lib/python3.13/unittest/case.py", line 263, in __exit__
    self._raiseFailure("{} not raised".format(exc_name))
    ^^^^^^^
  File "/Library/Frameworks/Python.framework/Versions/3.13/lib/python3.13/unittest/case.py", line 200, in _raiseFailure
    raise self.test_case.failureException(msg)
    ^^^^^^^^^^^^^^^
AssertionError: EnterpriseManagementException not raised
]]></failure>
	</testcase>
	<testcase classname="test_register_document_tests.TestRegisterDocument" name="test_tc_m2_24_name_too_long" time="0.002" timestamp="2026-03-24T15:41:44">
		<failure type="AssertionError" message="EnterpriseManagementException not raised"><![CDATA[Traceback (most recent call last):
  File "/Library/Frameworks/Python.framework/Versions/3.13/lib/python3.13/unittest/case.py", line 58, in testPartExecutor
    yield
  File "/Library/Frameworks/Python.framework/Versions/3.13/lib/python3.13/unittest/case.py", line 651, in run
    self._callTestMethod(testMethod)
    
  File "/Library/Frameworks/Python.framework/Versions/3.13/lib/python3.13/unittest/case.py", line 606, in _callTestMethod
    if method() is not None:
    ^^^^^^^^^^^^^^^
  File "/Users/yehan/Documents/PSWE/G87.2026.T10.GE2/src/unittest/python/test_register_document_tests.py", line 211, in test_tc_m2_24_name_too_long
    with self.assertRaises(EnterpriseManagementException):
    ^^^^^^^^^^^^^^^
  File "/Library/Frameworks/Python.framework/Versions/3.13/lib/python3.13/unittest/case.py", line 263, in __exit__
    self._raiseFailure("{} not raised".format(exc_name))
    ^^^^^^^
  File "/Library/Frameworks/Python.framework/Versions/3.13/lib/python3.13/unittest/case.py", line 200, in _raiseFailure
    raise self.test_case.failureException(msg)
    ^^^^^^^^^^^^^^^
AssertionError: EnterpriseManagementException not raised
]]></failure>
	</testcase>
	<testcase classname="test_register_document_tests.TestRegisterDocument" name="test_tc_m2_25_name_special_char" time="0.001" timestamp="2026-03-24T15:41:44">
		<failure type="AssertionError" message="EnterpriseManagementException not raised"><![CDATA[Traceback (most recent call last):
  File "/Library/Frameworks/Python.framework/Versions/3.13/lib/python3.13/unittest/case.py", line 58, in testPartExecutor
    yield
  File "/Library/Frameworks/Python.framework/Versions/3.13/lib/python3.13/unittest/case.py", line 651, in run
    self._callTestMethod(testMethod)
    
  File "/Library/Frameworks/Python.framework/Versions/3.13/lib/python3.13/unittest/case.py", line 606, in _callTestMethod
    if method() is not None:
    ^^^^^^^^^^^^^^^
  File "/Users/yehan/Documents/PSWE/G87.2026.T10.GE2/src/unittest/python/test_register_document_tests.py", line 219, in test_tc_m2_25_name_special_char
    with self.assertRaises(EnterpriseManagementException):
    ^^^^^^^^^^^^^^^
  File "/Library/Frameworks/Python.framework/Versions/3.13/lib/python3.13/unittest/case.py", line 263, in __exit__
    self._raiseFailure("{} not raised".format(exc_name))
    ^^^^^^^
  File "/Library/Frameworks/Python.framework/Versions/3.13/lib/python3.13/unittest/case.py", line 200, in _raiseFailure
    raise self.test_case.failureException(msg)
    ^^^^^^^^^^^^^^^
AssertionError: EnterpriseManagementException not raised
]]></failure>
	</testcase>
	<testcase classname="test_register_document_tests.TestRegisterDocument" name="test_tc_m2_26_missing_extension" time="0.003" timestamp="2026-03-24T15:41:44">
		<failure type="AssertionError" message="EnterpriseManagementException not raised"><![CDATA[Traceback (most recent call last):
  File "/Library/Frameworks/Python.framework/Versions/3.13/lib/python3.13/unittest/case.py", line 58, in testPartExecutor
    yield
  File "/Library/Frameworks/Python.framework/Versions/3.13/lib/python3.13/unittest/case.py", line 651, in run
    self._callTestMethod(testMethod)
    
  File "/Library/Frameworks/Python.framework/Versions/3.13/lib/python3.13/unittest/case.py", line 606, in _callTestMethod
    if method() is not None:
    ^^^^^^^^^^^^^^^
  File "/Users/yehan/Documents/PSWE/G87.2026.T10.GE2/src/unittest/python/test_register_document_tests.py", line 226, in test_tc_m2_26_missing_extension
    with self.assertRaises(EnterpriseManagementException):
    ^^^^^^^^^^^^^^^
  File "/Library/Frameworks/Python.framework/Versions/3.13/lib/python3.13/unittest/case.py", line 263, in __exit__
    self._raiseFailure("{} not raised".format(exc_name))
    ^^^^^^^
  File "/Library/Frameworks/Python.framework/Versions/3.13/lib/python3.13/unittest/case.py", line 200, in _raiseFailure
    raise self.test_case.failureException(msg)
    ^^^^^^^^^^^^^^^
AssertionError: EnterpriseManagementException not raised
]]></failure>
	</testcase>
	<testcase classname="test_register_document_tests.TestRegisterDocument" name="test_tc_m2_27_invalid_extension" time="0.002" timestamp="2026-03-24T15:41:44">
		<failure type="AssertionError" message="EnterpriseManagementException not raised"><![CDATA[Traceback (most recent call last):
  File "/Library/Frameworks/Python.framework/Versions/3.13/lib/python3.13/unittest/case.py", line 58, in testPartExecutor
    yield
  File "/Library/Frameworks/Python.framework/Versions/3.13/lib/python3.13/unittest/case.py", line 651, in run
    self._callTestMethod(testMethod)
    
  File "/Library/Frameworks/Python.framework/Versions/3.13/lib/python3.13/unittest/case.py", line 606, in _callTestMethod
    if method() is not None:
    ^^^^^^^^^^^^^^^
  File "/Users/yehan/Documents/PSWE/G87.2026.T10.GE2/src/unittest/python/test_register_document_tests.py", line 234, in test_tc_m2_27_invalid_extension
    with self.assertRaises(EnterpriseManagementException):
    ^^^^^^^^^^^^^^^
  File "/Library/Frameworks/Python.framework/Versions/3.13/lib/python3.13/unittest/case.py", line 263, in __exit__
    self._raiseFailure("{} not raised".format(exc_name))
    ^^^^^^^
  File "/Library/Frameworks/Python.framework/Versions/3.13/lib/python3.13/unittest/case.py", line 200, in _raiseFailure
    raise self.test_case.failureException(msg)
    ^^^^^^^^^^^^^^^
AssertionError: EnterpriseManagementException not raised
]]></failure>
	</testcase>
</testsuite>
